Arguments: 
  /usr/local/bin/node /Users/Personal/.npm-global/bin/yarn

PATH: 
  /Users/Personal/.npm-global/bin:/usr/local/bin:/usr/bin:/bin:/usr/sbin:/sbin:/Users/Personal

Yarn version: 
  1.6.0

Node version: 
  8.9.3

Platform: 
  darwin x64

Trace: 
  SyntaxError: /Users/Personal/Workspace/tamanu-server/package.json: Unexpected token } in JSON at position 1543
      at JSON.parse (<anonymous>)
      at /Users/Personal/.npm-global/lib/node_modules/yarn/lib/cli.js:1130:59
      at Generator.next (<anonymous>)
      at step (/Users/Personal/.npm-global/lib/node_modules/yarn/lib/cli.js:98:30)
      at /Users/Personal/.npm-global/lib/node_modules/yarn/lib/cli.js:109:13
      at <anonymous>

npm manifest: 
  {
    "name": "platform-api",
    "version": "1.0.0",
    "description": "Backend services for the medibio mobile app suite",
    "main": "index.js",
    "scripts": {
      "start": "NODE_ENV='development' nodemon index.js",
      "test": "jest",
      "test:coverage": "jest --coverage",
      "test:watch": "npm test -- --watch"
    },
    "repository": {
      "type": "git",
      "url": "git+https://bitbucket.org/medibio/platform-api.git"
    },
    "author": "",
    "license": "ISC",
    "homepage": "https://bitbucket.org/medibio/platform-api#readme",
    "devDependencies": {
      "eslint": "^4.19.1",
      "eslint-config-airbnb-base": "^12.1.0",
      "eslint-plugin-import": "^2.9.0",
      "grunt": "^1.0.2",
      "grunt-contrib-clean": "^1.1.0",
      "grunt-contrib-copy": "^1.0.0",
      "grunt-contrib-watch": "^1.0.0",
      "grunt-notify": "^0.4.5",
      "grunt-sass": "^2.1.0",
      "jest": "^22.4.2",
      "jest-environment-node": "^22.4.3",
      "mongodb-memory-server": "^1.7.0",
      "nodemon": "^1.17.4",
      "supertest": "^3.0.0"
    },
    "dependencies": {
      "accurized": "^0.4.6",
      "body-parser": "^1.18.2",
      "compression": "^1.7.2",
      "config": "^1.30.0",
      "connect-flash": "^0.1.1",
      "consolidate": "^0.15.1",
      "express": "^4.16.2",
      "express-async-handler": "^1.1.3",
      "express-session": "^1.15.6",
      "express-validator": "^5.1.0",
      "keygen": "^0.3.1",
      "lodash": "^4.17.5",
      "moment": "^2.21.0",
      "morgan": "^1.9.0",
      "request": "^2.85.0",
      "request-promise": "^4.2.2",
      "serve-index": "^1.9.1",
      "swig": "^1.4.2",
    },
    "jest": {
      "testEnvironment": "node",
      "collectCoverageFrom": [
        "app/*.js"
      ]
    }
  }

yarn manifest: 
  No manifest

Lockfile: 
  No lockfile
